This file contains any messages produced by compilers while
running configure, to aid debugging if configure makes a mistake.

It was created by configure, which was
generated by GNU Autoconf 2.69.  Invocation command line was

  $ ./configure 

## --------- ##
## Platform. ##
## --------- ##

hostname = Sean
uname -m = x86_64
uname -r = 5.10.102.1-microsoft-standard-WSL2
uname -s = Linux
uname -v = #1 SMP Wed Mar 2 00:30:59 UTC 2022

/usr/bin/uname -p = x86_64
/bin/uname -X     = unknown

/bin/arch              = x86_64
/usr/bin/arch -k       = unknown
/usr/convex/getsysinfo = unknown
/usr/bin/hostinfo      = unknown
/bin/machine           = unknown
/usr/bin/oslevel       = unknown
/bin/universe          = unknown

PATH: /usr/local/sbin
PATH: /usr/local/bin
PATH: /usr/sbin
PATH: /usr/bin
PATH: /sbin
PATH: /bin
PATH: /usr/games
PATH: /usr/local/games
PATH: /snap/bin


## ----------- ##
## Core tests. ##
## ----------- ##

configure:2249: checking for a BSD-compatible install
configure:2317: result: /usr/bin/install -c
configure:2328: checking whether build environment is sane
configure:2383: result: yes
configure:2532: checking for a thread-safe mkdir -p
configure:2571: result: /usr/bin/mkdir -p
configure:2578: checking for gawk
configure:2594: found /usr/bin/gawk
configure:2605: result: gawk
configure:2616: checking whether make sets $(MAKE)
configure:2638: result: yes
configure:2667: checking whether make supports nested variables
configure:2684: result: yes
configure:2814: checking whether to enable maintainer-specific portions of Makefiles
configure:2823: result: no
configure:2885: checking for gcc
configure:2901: found /usr/bin/gcc
configure:2912: result: gcc
configure:3141: checking for C compiler version
configure:3150: gcc --version >&5
gcc (Ubuntu 9.4.0-1ubuntu1~20.04.1) 9.4.0
Copyright (C) 2019 Free Software Foundation, Inc.
This is free software; see the source for copying conditions.  There is NO
warranty; not even for MERCHANTABILITY or FITNESS FOR A PARTICULAR PURPOSE.

configure:3161: $? = 0
configure:3150: gcc -v >&5
Using built-in specs.
COLLECT_GCC=gcc
COLLECT_LTO_WRAPPER=/usr/lib/gcc/x86_64-linux-gnu/9/lto-wrapper
OFFLOAD_TARGET_NAMES=nvptx-none:hsa
OFFLOAD_TARGET_DEFAULT=1
Target: x86_64-linux-gnu
Configured with: ../src/configure -v --with-pkgversion='Ubuntu 9.4.0-1ubuntu1~20.04.1' --with-bugurl=file:///usr/share/doc/gcc-9/README.Bugs --enable-languages=c,ada,c++,go,brig,d,fortran,objc,obj-c++,gm2 --prefix=/usr --with-gcc-major-version-only --program-suffix=-9 --program-prefix=x86_64-linux-gnu- --enable-shared --enable-linker-build-id --libexecdir=/usr/lib --without-included-gettext --enable-threads=posix --libdir=/usr/lib --enable-nls --enable-clocale=gnu --enable-libstdcxx-debug --enable-libstdcxx-time=yes --with-default-libstdcxx-abi=new --enable-gnu-unique-object --disable-vtable-verify --enable-plugin --enable-default-pie --with-system-zlib --with-target-system-zlib=auto --enable-objc-gc=auto --enable-multiarch --disable-werror --with-arch-32=i686 --with-abi=m64 --with-multilib-list=m32,m64,mx32 --enable-multilib --with-tune=generic --enable-offload-targets=nvptx-none=/build/gcc-9-Av3uEd/gcc-9-9.4.0/debian/tmp-nvptx/usr,hsa --without-cuda-driver --enable-checking=release --build=x86_64-linux-gnu --host=x86_64-linux-gnu --target=x86_64-linux-gnu
Thread model: posix
gcc version 9.4.0 (Ubuntu 9.4.0-1ubuntu1~20.04.1) 
configure:3161: $? = 0
configure:3150: gcc -V >&5
gcc: error: unrecognized command line option '-V'
gcc: fatal error: no input files
compilation terminated.
configure:3161: $? = 1
configure:3150: gcc -qversion >&5
gcc: error: unrecognized command line option '-qversion'; did you mean '--version'?
gcc: fatal error: no input files
compilation terminated.
configure:3161: $? = 1
configure:3181: checking whether the C compiler works
configure:3203: gcc    conftest.c  >&5
configure:3207: $? = 0
configure:3255: result: yes
configure:3258: checking for C compiler default output file name
configure:3260: result: a.out
configure:3266: checking for suffix of executables
configure:3273: gcc -o conftest    conftest.c  >&5
configure:3277: $? = 0
configure:3299: result: 
configure:3321: checking whether we are cross compiling
configure:3329: gcc -o conftest    conftest.c  >&5
configure:3333: $? = 0
configure:3340: ./conftest
configure:3344: $? = 0
configure:3332: result: no
configure:3337: checking for suffix of object files
configure:3359: gcc -c   conftest.c >&5
configure:3363: $? = 0
configure:3384: result: o
configure:3388: checking whether we are using the GNU C compiler
configure:3407: gcc -c   conftest.c >&5
configure:3407: $? = 0
configure:3416: result: yes
configure:3425: checking whether gcc accepts -g
configure:3445: gcc -c -g  conftest.c >&5
configure:3445: $? = 0
configure:3486: result: yes
configure:3503: checking for gcc option to accept ISO C89
configure:3566: gcc  -c -g -O2  conftest.c >&5
configure:3566: $? = 0
configure:3579: result: none needed
configure:3604: checking whether gcc understands -c and -o together
configure:3626: gcc -c conftest.c -o conftest2.o
configure:3629: $? = 0
configure:3626: gcc -c conftest.c -o conftest2.o
configure:3629: $? = 0
configure:3641: result: yes
configure:3669: checking for style of include used by make
configure:3697: result: GNU
configure:3723: checking dependency style of gcc
configure:3834: result: gcc3
configure:3886: checking build system type
configure:3900: result: x86_64-unknown-linux-gnu
configure:3920: checking host system type
configure:3933: result: x86_64-unknown-linux-gnu
configure:3974: checking how to print strings
configure:4001: result: printf
configure:4022: checking for a sed that does not truncate output
configure:4086: result: /usr/bin/sed
configure:4104: checking for grep that handles long lines and -e
configure:4162: result: /usr/bin/grep
configure:4167: checking for egrep
configure:4229: result: /usr/bin/grep -E
configure:4234: checking for fgrep
configure:4296: result: /usr/bin/grep -F
configure:4331: checking for ld used by gcc
configure:4398: result: /usr/bin/ld
configure:4405: checking if the linker (/usr/bin/ld) is GNU ld
configure:4420: result: yes
configure:4432: checking for BSD- or MS-compatible name lister (nm)
configure:4481: result: /usr/bin/nm -B
configure:4611: checking the name lister (/usr/bin/nm -B) interface
configure:4618: gcc -c -g -O3  conftest.c >&5
configure:4621: /usr/bin/nm -B "conftest.o"
configure:4624: output
0000000000000000 B some_variable
configure:4625: result: BSD nm
configure:4628: checking whether ln -s works
configure:4632: result: yes
configure:4640: checking the maximum length of command line arguments
configure:4771: result: 1572864
configure:4788: checking whether the shell understands some XSI constructs
configure:4797: result: yes
configure:4801: checking whether the shell understands "+="
configure:4805: result: yes
configure:4840: checking how to convert x86_64-unknown-linux-gnu file names to x86_64-unknown-linux-gnu format
configure:4880: result: func_convert_file_noop
configure:4887: checking how to convert x86_64-unknown-linux-gnu file names to toolchain format
configure:4907: result: func_convert_file_noop
configure:4914: checking for /usr/bin/ld option to reload object files
configure:4921: result: -r
configure:4995: checking for objdump
configure:5011: found /usr/bin/objdump
configure:5022: result: objdump
configure:5054: checking how to recognize dependent libraries
configure:5252: result: pass_all
configure:5337: checking for dlltool
configure:5367: result: no
configure:5397: checking how to associate runtime and link libraries
configure:5424: result: printf %s\n
configure:5485: checking for ar
configure:5501: found /usr/bin/ar
configure:5512: result: ar
configure:5549: checking for archiver @FILE support
configure:5566: gcc -c -g -O3  conftest.c >&5
configure:5566: $? = 0
configure:5569: ar cru libconftest.a @conftest.lst >&5
ar: `u' modifier ignored since `D' is the default (see `U')
configure:5572: $? = 0
configure:5577: ar cru libconftest.a @conftest.lst >&5
ar: `u' modifier ignored since `D' is the default (see `U')
ar: conftest.o: No such file or directory
configure:5580: $? = 1
configure:5579: result: @
configure:5637: checking for strip
configure:5653: found /usr/bin/strip
configure:5664: result: strip
configure:5736: checking for ranlib
configure:5752: found /usr/bin/ranlib
configure:5763: result: ranlib
configure:5865: checking command to parse /usr/bin/nm -B output from gcc object
configure:5985: gcc -c -g -O3  conftest.c >&5
configure:5988: $? = 0
configure:5992: /usr/bin/nm -B conftest.o \| sed -n -e 's/^.*[ ]\([ABCDGIRSTW][ABCDGIRSTW]*\)[ ][ ]*\([_A-Za-z][_A-Za-z0-9]*\)$/\1 \2 \2/p' | sed '/ __gnu_lto/d' \> conftest.nm
configure:5995: $? = 0
configure:6061: gcc -o conftest -g -O3   conftest.c conftstm.o >&5
configure:6064: $? = 0
configure:6102: result: ok
configure:6139: checking for sysroot
configure:6169: result: no
configure:6246: gcc -c -g -O3  conftest.c >&5
configure:6249: $? = 0
configure:6438: checking for mt
configure:6454: found /usr/bin/mt
configure:6465: result: mt
configure:6488: checking if mt is a manifest tool
configure:6494: mt '-?'
configure:6502: result: no
configure:7144: checking how to run the C preprocessor
configure:7175: gcc -E  conftest.c
configure:7175: $? = 0
configure:7189: gcc -E  conftest.c
conftest.c:11:10: fatal error: ac_nonexistent.h: No such file or directory
   11 | #include <ac_nonexistent.h>
      |          ^~~~~~~~~~~~~~~~~~
compilation terminated.
configure:7189: $? = 1
configure: failed program was:
| /* confdefs.h */
| #define PACKAGE_NAME ""
| #define PACKAGE_TARNAME ""
| #define PACKAGE_VERSION ""
| #define PACKAGE_STRING ""
| #define PACKAGE_BUGREPORT ""
| #define PACKAGE_URL ""
| #define PACKAGE "libev"
| #define VERSION "4.22"
| /* end confdefs.h.  */
| #include <ac_nonexistent.h>
configure:7214: result: gcc -E
configure:7234: gcc -E  conftest.c
configure:7234: $? = 0
configure:7248: gcc -E  conftest.c
conftest.c:11:10: fatal error: ac_nonexistent.h: No such file or directory
   11 | #include <ac_nonexistent.h>
      |          ^~~~~~~~~~~~~~~~~~
compilation terminated.
configure:7248: $? = 1
configure: failed program was:
| /* confdefs.h */
| #define PACKAGE_NAME ""
| #define PACKAGE_TARNAME ""
| #define PACKAGE_VERSION ""
| #define PACKAGE_STRING ""
| #define PACKAGE_BUGREPORT ""
| #define PACKAGE_URL ""
| #define PACKAGE "libev"
| #define VERSION "4.22"
| /* end confdefs.h.  */
| #include <ac_nonexistent.h>
configure:7277: checking for ANSI C header files
configure:7297: gcc -c -g -O3  conftest.c >&5
configure:7297: $? = 0
configure:7370: gcc -o conftest -g -O3   conftest.c  >&5
configure:7370: $? = 0
configure:7370: ./conftest
configure:7370: $? = 0
configure:7381: result: yes
configure:7394: checking for sys/types.h
configure:7394: gcc -c -g -O3  conftest.c >&5
configure:7394: $? = 0
configure:7394: result: yes
configure:7394: checking for sys/stat.h
configure:7394: gcc -c -g -O3  conftest.c >&5
configure:7394: $? = 0
configure:7394: result: yes
configure:7394: checking for stdlib.h
configure:7394: gcc -c -g -O3  conftest.c >&5
configure:7394: $? = 0
configure:7394: result: yes
configure:7394: checking for string.h
configure:7394: gcc -c -g -O3  conftest.c >&5
configure:7394: $? = 0
configure:7394: result: yes
configure:7394: checking for memory.h
configure:7394: gcc -c -g -O3  conftest.c >&5
configure:7394: $? = 0
configure:7394: result: yes
configure:7394: checking for strings.h
configure:7394: gcc -c -g -O3  conftest.c >&5
configure:7394: $? = 0
configure:7394: result: yes
configure:7394: checking for inttypes.h
configure:7394: gcc -c -g -O3  conftest.c >&5
configure:7394: $? = 0
configure:7394: result: yes
configure:7394: checking for stdint.h
configure:7394: gcc -c -g -O3  conftest.c >&5
configure:7394: $? = 0
configure:7394: result: yes
configure:7394: checking for unistd.h
configure:7394: gcc -c -g -O3  conftest.c >&5
configure:7394: $? = 0
configure:7394: result: yes
configure:7408: checking for dlfcn.h
configure:7408: gcc -c -g -O3  conftest.c >&5
configure:7408: $? = 0
configure:7408: result: yes
configure:7614: checking for objdir
configure:7629: result: .libs
configure:7896: checking if gcc supports -fno-rtti -fno-exceptions
configure:7914: gcc -c -g -O3  -fno-rtti -fno-exceptions conftest.c >&5
cc1: warning: command line option '-fno-rtti' is valid for C++/D/ObjC++ but not for C
configure:7918: $? = 0
configure:7931: result: no
configure:8258: checking for gcc option to produce PIC
configure:8265: result: -fPIC -DPIC
configure:8273: checking if gcc PIC flag -fPIC -DPIC works
configure:8291: gcc -c -g -O3  -fPIC -DPIC -DPIC conftest.c >&5
configure:8295: $? = 0
configure:8308: result: yes
configure:8337: checking if gcc static flag -static works
configure:8365: result: yes
configure:8380: checking if gcc supports -c -o file.o
configure:8401: gcc -c -g -O3  -o out/conftest2.o conftest.c >&5
configure:8405: $? = 0
configure:8427: result: yes
configure:8435: checking if gcc supports -c -o file.o
configure:8482: result: yes
configure:8515: checking whether the gcc linker (/usr/bin/ld -m elf_x86_64) supports shared libraries
configure:9672: result: yes
configure:9709: checking whether -lc should be explicitly linked in
configure:9717: gcc -c -g -O3  conftest.c >&5
configure:9720: $? = 0
configure:9735: gcc -shared  -fPIC -DPIC conftest.o  -v -Wl,-soname -Wl,conftest -o conftest 2\>\&1 \| /usr/bin/grep  -lc  \>/dev/null 2\>\&1
configure:9738: $? = 0
configure:9752: result: no
configure:9912: checking dynamic linker characteristics
configure:10412: gcc -o conftest -g -O3   -Wl,-rpath -Wl,/foo conftest.c  >&5
configure:10412: $? = 0
configure:10646: result: GNU/Linux ld.so
configure:10753: checking how to hardcode library paths into programs
configure:10778: result: immediate
configure:11318: checking whether stripping libraries is possible
configure:11323: result: yes
configure:11358: checking if libtool supports shared libraries
configure:11360: result: yes
configure:11363: checking whether to build shared libraries
configure:11384: result: yes
configure:11387: checking whether to build static libraries
configure:11391: result: yes
configure:8438: checking sys/inotify.h usability
configure:8438: gcc -c -g -O3  conftest.c >&5
configure:8438: $? = 0
configure:8438: result: yes
configure:8438: checking sys/inotify.h presence
configure:8438: gcc -E  conftest.c
configure:8438: $? = 0
configure:8438: result: yes
configure:8438: checking for sys/inotify.h
configure:8438: result: yes
configure:8438: checking sys/epoll.h usability
configure:8438: gcc -c -g -O3  conftest.c >&5
configure:8438: $? = 0
configure:8438: result: yes
configure:8438: checking sys/epoll.h presence
configure:8438: gcc -E  conftest.c
configure:8438: $? = 0
configure:8438: result: yes
configure:8438: checking for sys/epoll.h
configure:8438: result: yes
configure:8438: checking sys/event.h usability
configure:8438: gcc -c -g -O3  conftest.c >&5
conftest.c:58:10: fatal error: sys/event.h: No such file or directory
   58 | #include <sys/event.h>
      |          ^~~~~~~~~~~~~
compilation terminated.
configure:8438: $? = 1
configure: failed program was:
| /* confdefs.h */
| #define PACKAGE_NAME ""
| #define PACKAGE_TARNAME ""
| #define PACKAGE_VERSION ""
| #define PACKAGE_STRING ""
| #define PACKAGE_BUGREPORT ""
| #define PACKAGE_URL ""
| #define PACKAGE "libev"
| #define VERSION "4.22"
| #define STDC_HEADERS 1
| #define HAVE_SYS_TYPES_H 1
| #define HAVE_SYS_STAT_H 1
| #define HAVE_STDLIB_H 1
| #define HAVE_STRING_H 1
| #define HAVE_MEMORY_H 1
| #define HAVE_STRINGS_H 1
| #define HAVE_INTTYPES_H 1
| #define HAVE_STDINT_H 1
| #define HAVE_UNISTD_H 1
| #define HAVE_DLFCN_H 1
| #define LT_OBJDIR ".libs/"
| #define HAVE_SYS_INOTIFY_H 1
| #define HAVE_SYS_EPOLL_H 1
| /* end confdefs.h.  */
| #include <stdio.h>
| #ifdef HAVE_SYS_TYPES_H
| # include <sys/types.h>
| #endif
| #ifdef HAVE_SYS_STAT_H
| # include <sys/stat.h>
| #endif
| #ifdef STDC_HEADERS
| # include <stdlib.h>
| # include <stddef.h>
| #else
| # ifdef HAVE_STDLIB_H
| #  include <stdlib.h>
| # endif
| #endif
| #ifdef HAVE_STRING_H
| # if !defined STDC_HEADERS && defined HAVE_MEMORY_H
| #  include <memory.h>
| # endif
| # include <string.h>
| #endif
| #ifdef HAVE_STRINGS_H
| # include <strings.h>
| #endif
| #ifdef HAVE_INTTYPES_H
| # include <inttypes.h>
| #endif
| #ifdef HAVE_STDINT_H
| # include <stdint.h>
| #endif
| #ifdef HAVE_UNISTD_H
| # include <unistd.h>
| #endif
| #include <sys/event.h>
configure:8438: result: no
configure:8438: checking sys/event.h presence
configure:8438: gcc -E  conftest.c
conftest.c:25:10: fatal error: sys/event.h: No such file or directory
   25 | #include <sys/event.h>
      |          ^~~~~~~~~~~~~
compilation terminated.
configure:8438: $? = 1
configure: failed program was:
| /* confdefs.h */
| #define PACKAGE_NAME ""
| #define PACKAGE_TARNAME ""
| #define PACKAGE_VERSION ""
| #define PACKAGE_STRING ""
| #define PACKAGE_BUGREPORT ""
| #define PACKAGE_URL ""
| #define PACKAGE "libev"
| #define VERSION "4.22"
| #define STDC_HEADERS 1
| #define HAVE_SYS_TYPES_H 1
| #define HAVE_SYS_STAT_H 1
| #define HAVE_STDLIB_H 1
| #define HAVE_STRING_H 1
| #define HAVE_MEMORY_H 1
| #define HAVE_STRINGS_H 1
| #define HAVE_INTTYPES_H 1
| #define HAVE_STDINT_H 1
| #define HAVE_UNISTD_H 1
| #define HAVE_DLFCN_H 1
| #define LT_OBJDIR ".libs/"
| #define HAVE_SYS_INOTIFY_H 1
| #define HAVE_SYS_EPOLL_H 1
| /* end confdefs.h.  */
| #include <sys/event.h>
configure:8438: result: no
configure:8438: checking for sys/event.h
configure:8438: result: no
configure:8438: checking port.h usability
configure:8438: gcc -c -g -O3  conftest.c >&5
conftest.c:58:10: fatal error: port.h: No such file or directory
   58 | #include <port.h>
      |          ^~~~~~~~
compilation terminated.
configure:8438: $? = 1
configure: failed program was:
| /* confdefs.h */
| #define PACKAGE_NAME ""
| #define PACKAGE_TARNAME ""
| #define PACKAGE_VERSION ""
| #define PACKAGE_STRING ""
| #define PACKAGE_BUGREPORT ""
| #define PACKAGE_URL ""
| #define PACKAGE "libev"
| #define VERSION "4.22"
| #define STDC_HEADERS 1
| #define HAVE_SYS_TYPES_H 1
| #define HAVE_SYS_STAT_H 1
| #define HAVE_STDLIB_H 1
| #define HAVE_STRING_H 1
| #define HAVE_MEMORY_H 1
| #define HAVE_STRINGS_H 1
| #define HAVE_INTTYPES_H 1
| #define HAVE_STDINT_H 1
| #define HAVE_UNISTD_H 1
| #define HAVE_DLFCN_H 1
| #define LT_OBJDIR ".libs/"
| #define HAVE_SYS_INOTIFY_H 1
| #define HAVE_SYS_EPOLL_H 1
| /* end confdefs.h.  */
| #include <stdio.h>
| #ifdef HAVE_SYS_TYPES_H
| # include <sys/types.h>
| #endif
| #ifdef HAVE_SYS_STAT_H
| # include <sys/stat.h>
| #endif
| #ifdef STDC_HEADERS
| # include <stdlib.h>
| # include <stddef.h>
| #else
| # ifdef HAVE_STDLIB_H
| #  include <stdlib.h>
| # endif
| #endif
| #ifdef HAVE_STRING_H
| # if !defined STDC_HEADERS && defined HAVE_MEMORY_H
| #  include <memory.h>
| # endif
| # include <string.h>
| #endif
| #ifdef HAVE_STRINGS_H
| # include <strings.h>
| #endif
| #ifdef HAVE_INTTYPES_H
| # include <inttypes.h>
| #endif
| #ifdef HAVE_STDINT_H
| # include <stdint.h>
| #endif
| #ifdef HAVE_UNISTD_H
| # include <unistd.h>
| #endif
| #include <port.h>
configure:8438: result: no
configure:8438: checking port.h presence
configure:8438: gcc -E  conftest.c
conftest.c:25:10: fatal error: port.h: No such file or directory
   25 | #include <port.h>
      |          ^~~~~~~~
compilation terminated.
configure:8438: $? = 1
configure: failed program was:
| /* confdefs.h */
| #define PACKAGE_NAME ""
| #define PACKAGE_TARNAME ""
| #define PACKAGE_VERSION ""
| #define PACKAGE_STRING ""
| #define PACKAGE_BUGREPORT ""
| #define PACKAGE_URL ""
| #define PACKAGE "libev"
| #define VERSION "4.22"
| #define STDC_HEADERS 1
| #define HAVE_SYS_TYPES_H 1
| #define HAVE_SYS_STAT_H 1
| #define HAVE_STDLIB_H 1
| #define HAVE_STRING_H 1
| #define HAVE_MEMORY_H 1
| #define HAVE_STRINGS_H 1
| #define HAVE_INTTYPES_H 1
| #define HAVE_STDINT_H 1
| #define HAVE_UNISTD_H 1
| #define HAVE_DLFCN_H 1
| #define LT_OBJDIR ".libs/"
| #define HAVE_SYS_INOTIFY_H 1
| #define HAVE_SYS_EPOLL_H 1
| /* end confdefs.h.  */
| #include <port.h>
configure:8438: result: no
configure:8438: checking for port.h
configure:8438: result: no
configure:8438: checking poll.h usability
configure:8438: gcc -c -g -O3  conftest.c >&5
configure:8438: $? = 0
configure:8438: result: yes
configure:8438: checking poll.h presence
configure:8438: gcc -E  conftest.c
configure:8438: $? = 0
configure:8438: result: yes
configure:8438: checking for poll.h
configure:8438: result: yes
configure:8438: checking sys/select.h usability
configure:8438: gcc -c -g -O3  conftest.c >&5
configure:8438: $? = 0
configure:8438: result: yes
configure:8438: checking sys/select.h presence
configure:8438: gcc -E  conftest.c
configure:8438: $? = 0
configure:8438: result: yes
configure:8438: checking for sys/select.h
configure:8438: result: yes
configure:8438: checking sys/eventfd.h usability
configure:8438: gcc -c -g -O3  conftest.c >&5
configure:8438: $? = 0
configure:8438: result: yes
configure:8438: checking sys/eventfd.h presence
configure:8438: gcc -E  conftest.c
configure:8438: $? = 0
configure:8438: result: yes
configure:8438: checking for sys/eventfd.h
configure:8438: result: yes
configure:8438: checking sys/signalfd.h usability
configure:8438: gcc -c -g -O3  conftest.c >&5
configure:8438: $? = 0
configure:8438: result: yes
configure:8438: checking sys/signalfd.h presence
configure:8438: gcc -E  conftest.c
configure:8438: $? = 0
configure:8438: result: yes
configure:8438: checking for sys/signalfd.h
configure:8438: result: yes
configure:8452: checking for inotify_init
configure:8452: gcc -o conftest -g -O3   conftest.c  >&5
configure:8452: $? = 0
configure:8452: result: yes
configure:8452: checking for epoll_ctl
configure:8452: gcc -o conftest -g -O3   conftest.c  >&5
configure:8452: $? = 0
configure:8452: result: yes
configure:8452: checking for kqueue
configure:8452: gcc -o conftest -g -O3   conftest.c  >&5
/usr/bin/ld: /tmp/ccBgpoSr.o: in function `main':
/home/sean/projects/HW2/libev-master/conftest.c:65: undefined reference to `kqueue'
collect2: error: ld returned 1 exit status
configure:8452: $? = 1
configure: failed program was:
| /* confdefs.h */
| #define PACKAGE_NAME ""
| #define PACKAGE_TARNAME ""
| #define PACKAGE_VERSION ""
| #define PACKAGE_STRING ""
| #define PACKAGE_BUGREPORT ""
| #define PACKAGE_URL ""
| #define PACKAGE "libev"
| #define VERSION "4.22"
| #define STDC_HEADERS 1
| #define HAVE_SYS_TYPES_H 1
| #define HAVE_SYS_STAT_H 1
| #define HAVE_STDLIB_H 1
| #define HAVE_STRING_H 1
| #define HAVE_MEMORY_H 1
| #define HAVE_STRINGS_H 1
| #define HAVE_INTTYPES_H 1
| #define HAVE_STDINT_H 1
| #define HAVE_UNISTD_H 1
| #define HAVE_DLFCN_H 1
| #define LT_OBJDIR ".libs/"
| #define HAVE_SYS_INOTIFY_H 1
| #define HAVE_SYS_EPOLL_H 1
| #define HAVE_POLL_H 1
| #define HAVE_SYS_SELECT_H 1
| #define HAVE_SYS_EVENTFD_H 1
| #define HAVE_SYS_SIGNALFD_H 1
| #define HAVE_INOTIFY_INIT 1
| #define HAVE_EPOLL_CTL 1
| /* end confdefs.h.  */
| /* Define kqueue to an innocuous variant, in case <limits.h> declares kqueue.
|    For example, HP-UX 11i <limits.h> declares gettimeofday.  */
| #define kqueue innocuous_kqueue
| 
| /* System header to define __stub macros and hopefully few prototypes,
|     which can conflict with char kqueue (); below.
|     Prefer <limits.h> to <assert.h> if __STDC__ is defined, since
|     <limits.h> exists even on freestanding compilers.  */
| 
| #ifdef __STDC__
| # include <limits.h>
| #else
| # include <assert.h>
| #endif
| 
| #undef kqueue
| 
| /* Override any GCC internal prototype to avoid an error.
|    Use char because int might match the return type of a GCC
|    builtin and then its argument prototype would still apply.  */
| #ifdef __cplusplus
| extern "C"
| #endif
| char kqueue ();
| /* The GNU C library defines this for functions which it implements
|     to always fail with ENOSYS.  Some functions are actually named
|     something starting with __ and the normal name is an alias.  */
| #if defined __stub_kqueue || defined __stub___kqueue
| choke me
| #endif
| 
| int
| main ()
| {
| return kqueue ();
|   ;
|   return 0;
| }
configure:8452: result: no
configure:8452: checking for port_create
configure:8452: gcc -o conftest -g -O3   conftest.c  >&5
/usr/bin/ld: /tmp/ccuaWsrM.o: in function `main':
/home/sean/projects/HW2/libev-master/conftest.c:65: undefined reference to `port_create'
collect2: error: ld returned 1 exit status
configure:8452: $? = 1
configure: failed program was:
| /* confdefs.h */
| #define PACKAGE_NAME ""
| #define PACKAGE_TARNAME ""
| #define PACKAGE_VERSION ""
| #define PACKAGE_STRING ""
| #define PACKAGE_BUGREPORT ""
| #define PACKAGE_URL ""
| #define PACKAGE "libev"
| #define VERSION "4.22"
| #define STDC_HEADERS 1
| #define HAVE_SYS_TYPES_H 1
| #define HAVE_SYS_STAT_H 1
| #define HAVE_STDLIB_H 1
| #define HAVE_STRING_H 1
| #define HAVE_MEMORY_H 1
| #define HAVE_STRINGS_H 1
| #define HAVE_INTTYPES_H 1
| #define HAVE_STDINT_H 1
| #define HAVE_UNISTD_H 1
| #define HAVE_DLFCN_H 1
| #define LT_OBJDIR ".libs/"
| #define HAVE_SYS_INOTIFY_H 1
| #define HAVE_SYS_EPOLL_H 1
| #define HAVE_POLL_H 1
| #define HAVE_SYS_SELECT_H 1
| #define HAVE_SYS_EVENTFD_H 1
| #define HAVE_SYS_SIGNALFD_H 1
| #define HAVE_INOTIFY_INIT 1
| #define HAVE_EPOLL_CTL 1
| /* end confdefs.h.  */
| /* Define port_create to an innocuous variant, in case <limits.h> declares port_create.
|    For example, HP-UX 11i <limits.h> declares gettimeofday.  */
| #define port_create innocuous_port_create
| 
| /* System header to define __stub macros and hopefully few prototypes,
|     which can conflict with char port_create (); below.
|     Prefer <limits.h> to <assert.h> if __STDC__ is defined, since
|     <limits.h> exists even on freestanding compilers.  */
| 
| #ifdef __STDC__
| # include <limits.h>
| #else
| # include <assert.h>
| #endif
| 
| #undef port_create
| 
| /* Override any GCC internal prototype to avoid an error.
|    Use char because int might match the return type of a GCC
|    builtin and then its argument prototype would still apply.  */
| #ifdef __cplusplus
| extern "C"
| #endif
| char port_create ();
| /* The GNU C library defines this for functions which it implements
|     to always fail with ENOSYS.  Some functions are actually named
|     something starting with __ and the normal name is an alias.  */
| #if defined __stub_port_create || defined __stub___port_create
| choke me
| #endif
| 
| int
| main ()
| {
| return port_create ();
|   ;
|   return 0;
| }
configure:8452: result: no
configure:8452: checking for poll
configure:8452: gcc -o conftest -g -O3   conftest.c  >&5
configure:8452: $? = 0
configure:8452: result: yes
configure:8452: checking for select
configure:8452: gcc -o conftest -g -O3   conftest.c  >&5
configure:8452: $? = 0
configure:8452: result: yes
configure:8452: checking for eventfd
configure:8452: gcc -o conftest -g -O3   conftest.c  >&5
configure:8452: $? = 0
configure:8452: result: yes
configure:8452: checking for signalfd
configure:8452: gcc -o conftest -g -O3   conftest.c  >&5
configure:8452: $? = 0
configure:8452: result: yes
configure:8464: checking for clock_gettime
configure:8464: gcc -o conftest -g -O3   conftest.c  >&5
configure:8464: $? = 0
configure:8464: result: yes
configure:8568: checking for nanosleep
configure:8568: gcc -o conftest -g -O3   conftest.c  >&5
configure:8568: $? = 0
configure:8568: result: yes
configure:8643: checking for library containing floor
configure:8674: gcc -o conftest -g -O3   conftest.c  >&5
conftest.c:44:6: warning: conflicting types for built-in function 'floor'; expected 'double(double)' [-Wbuiltin-declaration-mismatch]
   44 | char floor ();
      |      ^~~~~
conftest.c:1:1: note: 'floor' is declared in header '<math.h>'
    1 | /* confdefs.h */
/usr/bin/ld: /tmp/ccpdysNh.o: in function `main':
/home/sean/projects/HW2/libev-master/conftest.c:48: undefined reference to `floor'
collect2: error: ld returned 1 exit status
configure:8674: $? = 1
configure: failed program was:
| /* confdefs.h */
| #define PACKAGE_NAME ""
| #define PACKAGE_TARNAME ""
| #define PACKAGE_VERSION ""
| #define PACKAGE_STRING ""
| #define PACKAGE_BUGREPORT ""
| #define PACKAGE_URL ""
| #define PACKAGE "libev"
| #define VERSION "4.22"
| #define STDC_HEADERS 1
| #define HAVE_SYS_TYPES_H 1
| #define HAVE_SYS_STAT_H 1
| #define HAVE_STDLIB_H 1
| #define HAVE_STRING_H 1
| #define HAVE_MEMORY_H 1
| #define HAVE_STRINGS_H 1
| #define HAVE_INTTYPES_H 1
| #define HAVE_STDINT_H 1
| #define HAVE_UNISTD_H 1
| #define HAVE_DLFCN_H 1
| #define LT_OBJDIR ".libs/"
| #define HAVE_SYS_INOTIFY_H 1
| #define HAVE_SYS_EPOLL_H 1
| #define HAVE_POLL_H 1
| #define HAVE_SYS_SELECT_H 1
| #define HAVE_SYS_EVENTFD_H 1
| #define HAVE_SYS_SIGNALFD_H 1
| #define HAVE_INOTIFY_INIT 1
| #define HAVE_EPOLL_CTL 1
| #define HAVE_POLL 1
| #define HAVE_SELECT 1
| #define HAVE_EVENTFD 1
| #define HAVE_SIGNALFD 1
| #define HAVE_CLOCK_GETTIME 1
| #define HAVE_NANOSLEEP 1
| /* end confdefs.h.  */
| 
| /* Override any GCC internal prototype to avoid an error.
|    Use char because int might match the return type of a GCC
|    builtin and then its argument prototype would still apply.  */
| #ifdef __cplusplus
| extern "C"
| #endif
| char floor ();
| int
| main ()
| {
| return floor ();
|   ;
|   return 0;
| }
configure:8674: gcc -o conftest -g -O3   conftest.c -lm   >&5
conftest.c:44:6: warning: conflicting types for built-in function 'floor'; expected 'double(double)' [-Wbuiltin-declaration-mismatch]
   44 | char floor ();
      |      ^~~~~
conftest.c:1:1: note: 'floor' is declared in header '<math.h>'
    1 | /* confdefs.h */
configure:8674: $? = 0
configure:8691: result: -lm
configure:8807: checking that generated files are newer than configure
configure:8813: result: done
configure:8840: creating ./config.status

## ---------------------- ##
## Running config.status. ##
## ---------------------- ##

This file was extended by config.status, which was
generated by GNU Autoconf 2.69.  Invocation command line was

  CONFIG_FILES    = 
  CONFIG_HEADERS  = 
  CONFIG_LINKS    = 
  CONFIG_COMMANDS = 
  $ ./config.status 

on Sean

config.status:1094: creating Makefile
config.status:1094: creating config.h
config.status:1323: executing depfiles commands
config.status:1323: executing libtool commands

## ---------------- ##
## Cache variables. ##
## ---------------- ##

ac_cv_build=x86_64-unknown-linux-gnu
ac_cv_c_compiler_gnu=yes
ac_cv_env_CC_set=
ac_cv_env_CC_value=
ac_cv_env_CFLAGS_set=
ac_cv_env_CFLAGS_value=
ac_cv_env_CPPFLAGS_set=
ac_cv_env_CPPFLAGS_value=
ac_cv_env_CPP_set=
ac_cv_env_CPP_value=
ac_cv_env_LDFLAGS_set=
ac_cv_env_LDFLAGS_value=
ac_cv_env_LIBS_set=
ac_cv_env_LIBS_value=
ac_cv_env_build_alias_set=
ac_cv_env_build_alias_value=
ac_cv_env_host_alias_set=
ac_cv_env_host_alias_value=
ac_cv_env_target_alias_set=
ac_cv_env_target_alias_value=
ac_cv_func_clock_gettime=yes
ac_cv_func_epoll_ctl=yes
ac_cv_func_eventfd=yes
ac_cv_func_inotify_init=yes
ac_cv_func_kqueue=no
ac_cv_func_nanosleep=yes
ac_cv_func_poll=yes
ac_cv_func_port_create=no
ac_cv_func_select=yes
ac_cv_func_signalfd=yes
ac_cv_header_dlfcn_h=yes
ac_cv_header_inttypes_h=yes
ac_cv_header_memory_h=yes
ac_cv_header_poll_h=yes
ac_cv_header_port_h=no
ac_cv_header_stdc=yes
ac_cv_header_stdint_h=yes
ac_cv_header_stdlib_h=yes
ac_cv_header_string_h=yes
ac_cv_header_strings_h=yes
ac_cv_header_sys_epoll_h=yes
ac_cv_header_sys_event_h=no
ac_cv_header_sys_eventfd_h=yes
ac_cv_header_sys_inotify_h=yes
ac_cv_header_sys_select_h=yes
ac_cv_header_sys_signalfd_h=yes
ac_cv_header_sys_stat_h=yes
ac_cv_header_sys_types_h=yes
ac_cv_header_unistd_h=yes
ac_cv_host=x86_64-unknown-linux-gnu
ac_cv_objext=o
ac_cv_path_EGREP='/usr/bin/grep -E'
ac_cv_path_FGREP='/usr/bin/grep -F'
ac_cv_path_GREP=/usr/bin/grep
ac_cv_path_SED=/usr/bin/sed
ac_cv_path_install='/usr/bin/install -c'
ac_cv_path_mkdir=/usr/bin/mkdir
ac_cv_prog_AWK=gawk
ac_cv_prog_CPP='gcc -E'
ac_cv_prog_ac_ct_AR=ar
ac_cv_prog_ac_ct_CC=gcc
ac_cv_prog_ac_ct_MANIFEST_TOOL=mt
ac_cv_prog_ac_ct_OBJDUMP=objdump
ac_cv_prog_ac_ct_RANLIB=ranlib
ac_cv_prog_ac_ct_STRIP=strip
ac_cv_prog_cc_c89=
ac_cv_prog_cc_g=yes
ac_cv_prog_make_make_set=yes
ac_cv_search_floor=-lm
am_cv_CC_dependencies_compiler_type=gcc3
am_cv_make_support_nested_variables=yes
am_cv_prog_cc_c_o=yes
lt_cv_ar_at_file=@
lt_cv_archive_cmds_need_lc=no
lt_cv_deplibs_check_method=pass_all
lt_cv_file_magic_cmd='$MAGIC_CMD'
lt_cv_file_magic_test_file=
lt_cv_ld_reload_flag=-r
lt_cv_nm_interface='BSD nm'
lt_cv_objdir=.libs
lt_cv_path_LD=/usr/bin/ld
lt_cv_path_NM='/usr/bin/nm -B'
lt_cv_path_mainfest_tool=no
lt_cv_prog_compiler_c_o=yes
lt_cv_prog_compiler_pic='-fPIC -DPIC'
lt_cv_prog_compiler_pic_works=yes
lt_cv_prog_compiler_rtti_exceptions=no
lt_cv_prog_compiler_static_works=yes
lt_cv_prog_gnu_ld=yes
lt_cv_sharedlib_from_linklib_cmd='printf %s\n'
lt_cv_shlibpath_overrides_runpath=yes
lt_cv_sys_global_symbol_pipe='sed -n -e '\''s/^.*[	 ]\([ABCDGIRSTW][ABCDGIRSTW]*\)[	 ][	 ]*\([_A-Za-z][_A-Za-z0-9]*\)$/\1 \2 \2/p'\'' | sed '\''/ __gnu_lto/d'\'''
lt_cv_sys_global_symbol_to_c_name_address='sed -n -e '\''s/^: \([^ ]*\)[ ]*$/  {\"\1\", (void *) 0},/p'\'' -e '\''s/^[ABCDGIRSTW]* \([^ ]*\) \([^ ]*\)$/  {"\2", (void *) \&\2},/p'\'''
lt_cv_sys_global_symbol_to_c_name_address_lib_prefix='sed -n -e '\''s/^: \([^ ]*\)[ ]*$/  {\"\1\", (void *) 0},/p'\'' -e '\''s/^[ABCDGIRSTW]* \([^ ]*\) \(lib[^ ]*\)$/  {"\2", (void *) \&\2},/p'\'' -e '\''s/^[ABCDGIRSTW]* \([^ ]*\) \([^ ]*\)$/  {"lib\2", (void *) \&\2},/p'\'''
lt_cv_sys_global_symbol_to_cdecl='sed -n -e '\''s/^T .* \(.*\)$/extern int \1();/p'\'' -e '\''s/^[ABCDGIRSTW]* .* \(.*\)$/extern char \1;/p'\'''
lt_cv_sys_max_cmd_len=1572864
lt_cv_to_host_file_cmd=func_convert_file_noop
lt_cv_to_tool_file_cmd=func_convert_file_noop

## ----------------- ##
## Output variables. ##
## ----------------- ##

ACLOCAL='${SHELL} /home/sean/projects/HW2/libev-master/missing aclocal-1.14'
AMDEPBACKSLASH='\'
AMDEP_FALSE='#'
AMDEP_TRUE=''
AMTAR='$${TAR-tar}'
AM_BACKSLASH='\'
AM_DEFAULT_V='$(AM_DEFAULT_VERBOSITY)'
AM_DEFAULT_VERBOSITY='1'
AM_V='$(V)'
AR='ar'
AUTOCONF='${SHELL} /home/sean/projects/HW2/libev-master/missing autoconf'
AUTOHEADER='${SHELL} /home/sean/projects/HW2/libev-master/missing autoheader'
AUTOMAKE='${SHELL} /home/sean/projects/HW2/libev-master/missing automake-1.14'
AWK='gawk'
CC='gcc'
CCDEPMODE='depmode=gcc3'
CFLAGS='-g -O3'
CPP='gcc -E'
CPPFLAGS=''
CYGPATH_W='echo'
DEFS='-DHAVE_CONFIG_H'
DEPDIR='.deps'
DLLTOOL='false'
DSYMUTIL=''
DUMPBIN=''
ECHO_C=''
ECHO_N='-n'
ECHO_T=''
EGREP='/usr/bin/grep -E'
EXEEXT=''
FGREP='/usr/bin/grep -F'
GREP='/usr/bin/grep'
INSTALL_DATA='${INSTALL} -m 644'
INSTALL_PROGRAM='${INSTALL}'
INSTALL_SCRIPT='${INSTALL}'
INSTALL_STRIP_PROGRAM='$(install_sh) -c -s'
LD='/usr/bin/ld -m elf_x86_64'
LDFLAGS=''
LIBOBJS=''
LIBS='-lm '
LIBTOOL='$(SHELL) $(top_builddir)/libtool'
LIPO=''
LN_S='ln -s'
LTLIBOBJS=''
MAINT='#'
MAINTAINER_MODE_FALSE=''
MAINTAINER_MODE_TRUE='#'
MAKEINFO='${SHELL} /home/sean/projects/HW2/libev-master/missing makeinfo'
MANIFEST_TOOL=':'
MKDIR_P='/usr/bin/mkdir -p'
NM='/usr/bin/nm -B'
NMEDIT=''
OBJDUMP='objdump'
OBJEXT='o'
OTOOL64=''
OTOOL=''
PACKAGE='libev'
PACKAGE_BUGREPORT=''
PACKAGE_NAME=''
PACKAGE_STRING=''
PACKAGE_TARNAME=''
PACKAGE_URL=''
PACKAGE_VERSION=''
PATH_SEPARATOR=':'
RANLIB='ranlib'
SED='/usr/bin/sed'
SET_MAKE=''
SHELL='/bin/bash'
STRIP='strip'
VERSION='4.22'
ac_ct_AR='ar'
ac_ct_CC='gcc'
ac_ct_DUMPBIN=''
am__EXEEXT_FALSE=''
am__EXEEXT_TRUE='#'
am__fastdepCC_FALSE='#'
am__fastdepCC_TRUE=''
am__include='include'
am__isrc=''
am__leading_dot='.'
am__nodep='_no'
am__quote=''
am__tar='$${TAR-tar} chof - "$$tardir"'
am__untar='$${TAR-tar} xf -'
bindir='${exec_prefix}/bin'
build='x86_64-unknown-linux-gnu'
build_alias=''
build_cpu='x86_64'
build_os='linux-gnu'
build_vendor='unknown'
datadir='${datarootdir}'
datarootdir='${prefix}/share'
docdir='${datarootdir}/doc/${PACKAGE}'
dvidir='${docdir}'
exec_prefix='${prefix}'
host='x86_64-unknown-linux-gnu'
host_alias=''
host_cpu='x86_64'
host_os='linux-gnu'
host_vendor='unknown'
htmldir='${docdir}'
includedir='${prefix}/include'
infodir='${datarootdir}/info'
install_sh='${SHELL} /home/sean/projects/HW2/libev-master/install-sh'
libdir='${exec_prefix}/lib'
libexecdir='${exec_prefix}/libexec'
localedir='${datarootdir}/locale'
localstatedir='${prefix}/var'
mandir='${datarootdir}/man'
mkdir_p='$(MKDIR_P)'
oldincludedir='/usr/include'
pdfdir='${docdir}'
prefix='/usr/local'
program_transform_name='s,x,x,'
psdir='${docdir}'
sbindir='${exec_prefix}/sbin'
sharedstatedir='${prefix}/com'
sysconfdir='${prefix}/etc'
target_alias=''

## ----------- ##
## confdefs.h. ##
## ----------- ##

/* confdefs.h */
#define PACKAGE_NAME ""
#define PACKAGE_TARNAME ""
#define PACKAGE_VERSION ""
#define PACKAGE_STRING ""
#define PACKAGE_BUGREPORT ""
#define PACKAGE_URL ""
#define PACKAGE "libev"
#define VERSION "4.22"
#define STDC_HEADERS 1
#define HAVE_SYS_TYPES_H 1
#define HAVE_SYS_STAT_H 1
#define HAVE_STDLIB_H 1
#define HAVE_STRING_H 1
#define HAVE_MEMORY_H 1
#define HAVE_STRINGS_H 1
#define HAVE_INTTYPES_H 1
#define HAVE_STDINT_H 1
#define HAVE_UNISTD_H 1
#define HAVE_DLFCN_H 1
#define LT_OBJDIR ".libs/"
#define HAVE_SYS_INOTIFY_H 1
#define HAVE_SYS_EPOLL_H 1
#define HAVE_POLL_H 1
#define HAVE_SYS_SELECT_H 1
#define HAVE_SYS_EVENTFD_H 1
#define HAVE_SYS_SIGNALFD_H 1
#define HAVE_INOTIFY_INIT 1
#define HAVE_EPOLL_CTL 1
#define HAVE_POLL 1
#define HAVE_SELECT 1
#define HAVE_EVENTFD 1
#define HAVE_SIGNALFD 1
#define HAVE_CLOCK_GETTIME 1
#define HAVE_NANOSLEEP 1
#define HAVE_FLOOR 1

configure: exit 0
